<?xml version="1.0" encoding="UTF-8"?>
<coverage generated="1638767596634" clover="3.2.0">
  <project timestamp="1638767596634" name="All files">
    <metrics statements="53" coveredstatements="34" conditionals="22" coveredconditionals="19" methods="20" coveredmethods="11" elements="95" coveredelements="64" complexity="0" loc="53" ncloc="53" packages="5" files="6" classes="6"/>
    <package name="database">
      <metrics statements="5" coveredstatements="4" conditionals="2" coveredconditionals="1" methods="0" coveredmethods="0"/>
      <file name="database.js" path="/home/moisesbr/api-sing-me-a-song/src/database/database.js">
        <metrics statements="5" coveredstatements="4" conditionals="2" coveredconditionals="1" methods="0" coveredmethods="0"/>
        <line num="3" count="1" type="stmt"/>
        <line num="5" count="1" type="stmt"/>
        <line num="13" count="1" type="cond" truecount="1" falsecount="1"/>
        <line num="14" count="0" type="stmt"/>
        <line num="22" count="1" type="stmt"/>
      </file>
    </package>
    <package name="errors">
      <metrics statements="4" coveredstatements="4" conditionals="0" coveredconditionals="0" methods="2" coveredmethods="2"/>
      <file name="notFoundError.js" path="/home/moisesbr/api-sing-me-a-song/src/errors/notFoundError.js">
        <metrics statements="2" coveredstatements="2" conditionals="0" coveredconditionals="0" methods="1" coveredmethods="1"/>
        <line num="3" count="2" type="stmt"/>
        <line num="4" count="2" type="stmt"/>
      </file>
      <file name="syntaxError.js" path="/home/moisesbr/api-sing-me-a-song/src/errors/syntaxError.js">
        <metrics statements="2" coveredstatements="2" conditionals="0" coveredconditionals="0" methods="1" coveredmethods="1"/>
        <line num="3" count="2" type="stmt"/>
        <line num="4" count="2" type="stmt"/>
      </file>
    </package>
    <package name="repositories">
      <metrics statements="10" coveredstatements="0" conditionals="0" coveredconditionals="0" methods="7" coveredmethods="0"/>
      <file name="recommendationsRepository.js" path="/home/moisesbr/api-sing-me-a-song/src/repositories/recommendationsRepository.js">
        <metrics statements="10" coveredstatements="0" conditionals="0" coveredconditionals="0" methods="7" coveredmethods="0"/>
        <line num="4" count="0" type="stmt"/>
        <line num="16" count="0" type="stmt"/>
        <line num="25" count="0" type="stmt"/>
        <line num="29" count="0" type="stmt"/>
        <line num="41" count="0" type="stmt"/>
        <line num="45" count="0" type="stmt"/>
        <line num="59" count="0" type="stmt"/>
        <line num="73" count="0" type="stmt"/>
        <line num="85" count="0" type="stmt"/>
        <line num="99" count="0" type="stmt"/>
      </file>
    </package>
    <package name="services">
      <metrics statements="30" coveredstatements="26" conditionals="20" coveredconditionals="18" methods="10" coveredmethods="9"/>
      <file name="recommendationsService.js" path="/home/moisesbr/api-sing-me-a-song/src/services/recommendationsService.js">
        <metrics statements="30" coveredstatements="26" conditionals="20" coveredconditionals="18" methods="10" coveredmethods="9"/>
        <line num="7" count="2" type="cond" truecount="2" falsecount="0"/>
        <line num="8" count="1" type="stmt"/>
        <line num="11" count="1" type="stmt"/>
        <line num="15" count="1" type="stmt"/>
        <line num="19" count="2" type="cond" truecount="2" falsecount="0"/>
        <line num="20" count="1" type="stmt"/>
        <line num="22" count="1" type="stmt"/>
        <line num="26" count="2" type="stmt"/>
        <line num="29" count="2" type="cond" truecount="2" falsecount="0"/>
        <line num="30" count="1" type="stmt"/>
        <line num="33" count="1" type="stmt"/>
        <line num="37" count="2" type="cond" truecount="2" falsecount="0"/>
        <line num="38" count="1" type="stmt"/>
        <line num="40" count="1" type="stmt"/>
        <line num="46" count="4" type="stmt"/>
        <line num="50" count="5" type="stmt"/>
        <line num="51" count="5" type="cond" truecount="2" falsecount="0"/>
        <line num="52" count="1" type="stmt"/>
        <line num="55" count="4" type="stmt"/>
        <line num="56" count="8" type="stmt"/>
        <line num="57" count="8" type="stmt"/>
        <line num="59" count="4" type="cond" truecount="4" falsecount="0"/>
        <line num="60" count="2" type="stmt"/>
        <line num="62" count="2" type="cond" truecount="4" falsecount="0"/>
        <line num="63" count="1" type="stmt"/>
        <line num="66" count="1" type="stmt"/>
        <line num="70" count="0" type="stmt"/>
        <line num="73" count="0" type="cond" truecount="0" falsecount="2"/>
        <line num="74" count="0" type="stmt"/>
        <line num="77" count="0" type="stmt"/>
      </file>
    </package>
    <package name="validations">
      <metrics statements="4" coveredstatements="0" conditionals="0" coveredconditionals="0" methods="1" coveredmethods="0"/>
      <file name="recommendationValidation.js" path="/home/moisesbr/api-sing-me-a-song/src/validations/recommendationValidation.js">
        <metrics statements="4" coveredstatements="0" conditionals="0" coveredconditionals="0" methods="1" coveredmethods="0"/>
        <line num="5" count="0" type="stmt"/>
        <line num="7" count="0" type="stmt"/>
        <line num="12" count="0" type="stmt"/>
        <line num="13" count="0" type="stmt"/>
      </file>
    </package>
  </project>
</coverage>
