{"/home/moisesbr/api-sing-me-a-song/src/database/database.js": {"path":"/home/moisesbr/api-sing-me-a-song/src/database/database.js","statementMap":{"0":{"start":{"line":3,"column":17},"end":{"line":3,"column":19}},"1":{"start":{"line":5,"column":21},"end":{"line":11,"column":1}},"2":{"start":{"line":13,"column":0},"end":{"line":20,"column":1}},"3":{"start":{"line":14,"column":2},"end":{"line":19,"column":4}},"4":{"start":{"line":22,"column":19},"end":{"line":22,"column":43}}},"fnMap":{},"branchMap":{"0":{"loc":{"start":{"line":13,"column":0},"end":{"line":20,"column":1}},"type":"if","locations":[{"start":{"line":13,"column":0},"end":{"line":20,"column":1}},{"start":{},"end":{}}],"line":13}},"s":{"0":1,"1":1,"2":1,"3":0,"4":1},"f":{},"b":{"0":[0,1]},"_coverageSchema":"1a1c01bbd47fc00a2c39e90264f33305004495a9","hash":"ce1ab36cacee10e81af105ac82a5d867468af996"}
,"/home/moisesbr/api-sing-me-a-song/src/errors/notFoundError.js": {"path":"/home/moisesbr/api-sing-me-a-song/src/errors/notFoundError.js","statementMap":{"0":{"start":{"line":3,"column":4},"end":{"line":3,"column":19}},"1":{"start":{"line":4,"column":4},"end":{"line":4,"column":32}}},"fnMap":{"0":{"name":"(anonymous_0)","decl":{"start":{"line":2,"column":2},"end":{"line":2,"column":3}},"loc":{"start":{"line":2,"column":23},"end":{"line":5,"column":3}},"line":2}},"branchMap":{},"s":{"0":2,"1":2},"f":{"0":2},"b":{},"_coverageSchema":"1a1c01bbd47fc00a2c39e90264f33305004495a9","hash":"c7a6cd97633e176cdec03f586e9b8eec563d4e5e"}
,"/home/moisesbr/api-sing-me-a-song/src/errors/syntaxError.js": {"path":"/home/moisesbr/api-sing-me-a-song/src/errors/syntaxError.js","statementMap":{"0":{"start":{"line":3,"column":4},"end":{"line":3,"column":19}},"1":{"start":{"line":4,"column":4},"end":{"line":4,"column":30}}},"fnMap":{"0":{"name":"(anonymous_0)","decl":{"start":{"line":2,"column":2},"end":{"line":2,"column":3}},"loc":{"start":{"line":2,"column":23},"end":{"line":5,"column":3}},"line":2}},"branchMap":{},"s":{"0":2,"1":2},"f":{"0":2},"b":{},"_coverageSchema":"1a1c01bbd47fc00a2c39e90264f33305004495a9","hash":"8afb9ad2f5d4fefa74ae3087b09cd29626eaee1f"}
,"/home/moisesbr/api-sing-me-a-song/src/repositories/recommendationsRepository.js": {"path":"/home/moisesbr/api-sing-me-a-song/src/repositories/recommendationsRepository.js","statementMap":{"0":{"start":{"line":4,"column":2},"end":{"line":12,"column":4}},"1":{"start":{"line":16,"column":26},"end":{"line":23,"column":3}},"2":{"start":{"line":25,"column":2},"end":{"line":25,"column":30}},"3":{"start":{"line":29,"column":25},"end":{"line":39,"column":3}},"4":{"start":{"line":41,"column":2},"end":{"line":41,"column":32}},"5":{"start":{"line":45,"column":2},"end":{"line":55,"column":4}},"6":{"start":{"line":59,"column":2},"end":{"line":69,"column":4}},"7":{"start":{"line":73,"column":2},"end":{"line":81,"column":4}},"8":{"start":{"line":85,"column":26},"end":{"line":97,"column":3}},"9":{"start":{"line":99,"column":2},"end":{"line":99,"column":30}}},"fnMap":{"0":{"name":"insertRecommendation","decl":{"start":{"line":3,"column":22},"end":{"line":3,"column":42}},"loc":{"start":{"line":3,"column":66},"end":{"line":13,"column":1}},"line":3},"1":{"name":"getAllRecommendations","decl":{"start":{"line":15,"column":22},"end":{"line":15,"column":43}},"loc":{"start":{"line":15,"column":46},"end":{"line":26,"column":1}},"line":15},"2":{"name":"getRecommendationById","decl":{"start":{"line":28,"column":22},"end":{"line":28,"column":43}},"loc":{"start":{"line":28,"column":48},"end":{"line":42,"column":1}},"line":28},"3":{"name":"upvoteRecommendation","decl":{"start":{"line":44,"column":22},"end":{"line":44,"column":42}},"loc":{"start":{"line":44,"column":47},"end":{"line":56,"column":1}},"line":44},"4":{"name":"downvoteRecommendation","decl":{"start":{"line":58,"column":22},"end":{"line":58,"column":44}},"loc":{"start":{"line":58,"column":49},"end":{"line":70,"column":1}},"line":58},"5":{"name":"removeRecommendation","decl":{"start":{"line":72,"column":22},"end":{"line":72,"column":42}},"loc":{"start":{"line":72,"column":47},"end":{"line":82,"column":1}},"line":72},"6":{"name":"getTopRecommendations","decl":{"start":{"line":84,"column":22},"end":{"line":84,"column":43}},"loc":{"start":{"line":84,"column":52},"end":{"line":100,"column":1}},"line":84}},"branchMap":{},"s":{"0":0,"1":0,"2":0,"3":0,"4":0,"5":0,"6":0,"7":0,"8":0,"9":0},"f":{"0":0,"1":0,"2":0,"3":0,"4":0,"5":0,"6":0},"b":{},"_coverageSchema":"1a1c01bbd47fc00a2c39e90264f33305004495a9","hash":"f055b155e0dfd364d1aa0b5413a2b44103eaa95b"}
,"/home/moisesbr/api-sing-me-a-song/src/services/recommendationsService.js": {"path":"/home/moisesbr/api-sing-me-a-song/src/services/recommendationsService.js","statementMap":{"0":{"start":{"line":7,"column":2},"end":{"line":9,"column":3}},"1":{"start":{"line":8,"column":4},"end":{"line":8,"column":46}},"2":{"start":{"line":11,"column":2},"end":{"line":11,"column":78}},"3":{"start":{"line":15,"column":2},"end":{"line":15,"column":59}},"4":{"start":{"line":19,"column":2},"end":{"line":21,"column":3}},"5":{"start":{"line":20,"column":4},"end":{"line":20,"column":52}},"6":{"start":{"line":22,"column":2},"end":{"line":22,"column":14}},"7":{"start":{"line":26,"column":25},"end":{"line":28,"column":3}},"8":{"start":{"line":29,"column":2},"end":{"line":31,"column":3}},"9":{"start":{"line":30,"column":4},"end":{"line":30,"column":60}},"10":{"start":{"line":33,"column":2},"end":{"line":33,"column":24}},"11":{"start":{"line":37,"column":2},"end":{"line":41,"column":3}},"12":{"start":{"line":38,"column":4},"end":{"line":38,"column":61}},"13":{"start":{"line":40,"column":4},"end":{"line":40,"column":63}},"14":{"start":{"line":46,"column":4},"end":{"line":46,"column":41}},"15":{"start":{"line":50,"column":4},"end":{"line":50,"column":59}},"16":{"start":{"line":51,"column":2},"end":{"line":53,"column":3}},"17":{"start":{"line":52,"column":4},"end":{"line":52,"column":56}},"18":{"start":{"line":55,"column":18},"end":{"line":55,"column":31}},"19":{"start":{"line":56,"column":24},"end":{"line":56,"column":73}},"20":{"start":{"line":56,"column":57},"end":{"line":56,"column":72}},"21":{"start":{"line":57,"column":24},"end":{"line":57,"column":74}},"22":{"start":{"line":57,"column":57},"end":{"line":57,"column":73}},"23":{"start":{"line":59,"column":2},"end":{"line":61,"column":3}},"24":{"start":{"line":60,"column":4},"end":{"line":60,"column":61}},"25":{"start":{"line":62,"column":2},"end":{"line":64,"column":3}},"26":{"start":{"line":63,"column":4},"end":{"line":63,"column":61}},"27":{"start":{"line":66,"column":2},"end":{"line":66,"column":63}},"28":{"start":{"line":70,"column":26},"end":{"line":72,"column":3}},"29":{"start":{"line":73,"column":2},"end":{"line":75,"column":3}},"30":{"start":{"line":74,"column":4},"end":{"line":74,"column":57}},"31":{"start":{"line":77,"column":2},"end":{"line":77,"column":25}}},"fnMap":{"0":{"name":"insertRecommendation","decl":{"start":{"line":6,"column":22},"end":{"line":6,"column":42}},"loc":{"start":{"line":6,"column":66},"end":{"line":12,"column":1}},"line":6},"1":{"name":"upvoteRecommendation","decl":{"start":{"line":14,"column":22},"end":{"line":14,"column":42}},"loc":{"start":{"line":14,"column":47},"end":{"line":16,"column":1}},"line":14},"2":{"name":"idTypeValidation","decl":{"start":{"line":18,"column":16},"end":{"line":18,"column":32}},"loc":{"start":{"line":18,"column":37},"end":{"line":23,"column":1}},"line":18},"3":{"name":"recommendationExists","decl":{"start":{"line":25,"column":22},"end":{"line":25,"column":42}},"loc":{"start":{"line":25,"column":47},"end":{"line":34,"column":1}},"line":25},"4":{"name":"downvoteRecommendation","decl":{"start":{"line":36,"column":22},"end":{"line":36,"column":44}},"loc":{"start":{"line":36,"column":60},"end":{"line":42,"column":1}},"line":36},"5":{"name":"getRandomRecommendation","decl":{"start":{"line":44,"column":22},"end":{"line":44,"column":45}},"loc":{"start":{"line":44,"column":48},"end":{"line":67,"column":1}},"line":44},"6":{"name":"getRandomInt","decl":{"start":{"line":45,"column":11},"end":{"line":45,"column":23}},"loc":{"start":{"line":45,"column":27},"end":{"line":47,"column":3}},"line":45},"7":{"name":"(anonymous_7)","decl":{"start":{"line":56,"column":47},"end":{"line":56,"column":48}},"loc":{"start":{"line":56,"column":57},"end":{"line":56,"column":72}},"line":56},"8":{"name":"(anonymous_8)","decl":{"start":{"line":57,"column":47},"end":{"line":57,"column":48}},"loc":{"start":{"line":57,"column":57},"end":{"line":57,"column":73}},"line":57},"9":{"name":"getTopRecommendations","decl":{"start":{"line":69,"column":22},"end":{"line":69,"column":43}},"loc":{"start":{"line":69,"column":52},"end":{"line":78,"column":1}},"line":69}},"branchMap":{"0":{"loc":{"start":{"line":7,"column":2},"end":{"line":9,"column":3}},"type":"if","locations":[{"start":{"line":7,"column":2},"end":{"line":9,"column":3}},{"start":{},"end":{}}],"line":7},"1":{"loc":{"start":{"line":19,"column":2},"end":{"line":21,"column":3}},"type":"if","locations":[{"start":{"line":19,"column":2},"end":{"line":21,"column":3}},{"start":{},"end":{}}],"line":19},"2":{"loc":{"start":{"line":29,"column":2},"end":{"line":31,"column":3}},"type":"if","locations":[{"start":{"line":29,"column":2},"end":{"line":31,"column":3}},{"start":{},"end":{}}],"line":29},"3":{"loc":{"start":{"line":37,"column":2},"end":{"line":41,"column":3}},"type":"if","locations":[{"start":{"line":37,"column":2},"end":{"line":41,"column":3}},{"start":{"line":39,"column":9},"end":{"line":41,"column":3}}],"line":37},"4":{"loc":{"start":{"line":51,"column":2},"end":{"line":53,"column":3}},"type":"if","locations":[{"start":{"line":51,"column":2},"end":{"line":53,"column":3}},{"start":{},"end":{}}],"line":51},"5":{"loc":{"start":{"line":59,"column":2},"end":{"line":61,"column":3}},"type":"if","locations":[{"start":{"line":59,"column":2},"end":{"line":61,"column":3}},{"start":{},"end":{}}],"line":59},"6":{"loc":{"start":{"line":59,"column":6},"end":{"line":59,"column":47}},"type":"binary-expr","locations":[{"start":{"line":59,"column":6},"end":{"line":59,"column":19}},{"start":{"line":59,"column":23},"end":{"line":59,"column":47}}],"line":59},"7":{"loc":{"start":{"line":62,"column":2},"end":{"line":64,"column":3}},"type":"if","locations":[{"start":{"line":62,"column":2},"end":{"line":64,"column":3}},{"start":{},"end":{}}],"line":62},"8":{"loc":{"start":{"line":62,"column":6},"end":{"line":62,"column":48}},"type":"binary-expr","locations":[{"start":{"line":62,"column":6},"end":{"line":62,"column":20}},{"start":{"line":62,"column":24},"end":{"line":62,"column":48}}],"line":62},"9":{"loc":{"start":{"line":73,"column":2},"end":{"line":75,"column":3}},"type":"if","locations":[{"start":{"line":73,"column":2},"end":{"line":75,"column":3}},{"start":{},"end":{}}],"line":73}},"s":{"0":2,"1":1,"2":1,"3":1,"4":2,"5":1,"6":1,"7":2,"8":2,"9":1,"10":1,"11":2,"12":1,"13":1,"14":4,"15":5,"16":5,"17":1,"18":4,"19":4,"20":8,"21":4,"22":8,"23":4,"24":2,"25":2,"26":1,"27":1,"28":0,"29":0,"30":0,"31":0},"f":{"0":2,"1":1,"2":2,"3":2,"4":2,"5":5,"6":4,"7":8,"8":8,"9":0},"b":{"0":[1,1],"1":[1,1],"2":[1,1],"3":[1,1],"4":[1,4],"5":[2,2],"6":[4,3],"7":[1,1],"8":[2,1],"9":[0,0]},"_coverageSchema":"1a1c01bbd47fc00a2c39e90264f33305004495a9","hash":"6787a5c733e4c1a108f2dc3383ba640bb75e2f28"}
,"/home/moisesbr/api-sing-me-a-song/src/validations/recommendationValidation.js": {"path":"/home/moisesbr/api-sing-me-a-song/src/validations/recommendationValidation.js","statementMap":{"0":{"start":{"line":5,"column":4},"end":{"line":5,"column":115}},"1":{"start":{"line":7,"column":17},"end":{"line":10,"column":4}},"2":{"start":{"line":12,"column":21},"end":{"line":12,"column":41}},"3":{"start":{"line":13,"column":2},"end":{"line":13,"column":27}}},"fnMap":{"0":{"name":"validateRecommendationSyntax","decl":{"start":{"line":3,"column":24},"end":{"line":3,"column":52}},"loc":{"start":{"line":3,"column":58},"end":{"line":14,"column":1}},"line":3}},"branchMap":{},"s":{"0":0,"1":0,"2":0,"3":0},"f":{"0":0},"b":{},"_coverageSchema":"1a1c01bbd47fc00a2c39e90264f33305004495a9","hash":"199b8da3bba0c49c3ad4d4043849dc3143abd6f7"}
}
