{"/home/moisesbr/api-sing-me-a-song/src/database/database.js": {"path":"/home/moisesbr/api-sing-me-a-song/src/database/database.js","statementMap":{"0":{"start":{"line":3,"column":17},"end":{"line":3,"column":19}},"1":{"start":{"line":5,"column":21},"end":{"line":11,"column":1}},"2":{"start":{"line":13,"column":0},"end":{"line":20,"column":1}},"3":{"start":{"line":14,"column":2},"end":{"line":19,"column":4}},"4":{"start":{"line":22,"column":19},"end":{"line":22,"column":43}}},"fnMap":{},"branchMap":{"0":{"loc":{"start":{"line":13,"column":0},"end":{"line":20,"column":1}},"type":"if","locations":[{"start":{"line":13,"column":0},"end":{"line":20,"column":1}},{"start":{},"end":{}}],"line":13}},"s":{"0":1,"1":1,"2":1,"3":0,"4":1},"f":{},"b":{"0":[0,1]},"_coverageSchema":"1a1c01bbd47fc00a2c39e90264f33305004495a9","hash":"ce1ab36cacee10e81af105ac82a5d867468af996"}
,"/home/moisesbr/api-sing-me-a-song/src/errors/notFoundError.js": {"path":"/home/moisesbr/api-sing-me-a-song/src/errors/notFoundError.js","statementMap":{"0":{"start":{"line":3,"column":4},"end":{"line":3,"column":19}},"1":{"start":{"line":4,"column":4},"end":{"line":4,"column":32}}},"fnMap":{"0":{"name":"(anonymous_0)","decl":{"start":{"line":2,"column":2},"end":{"line":2,"column":3}},"loc":{"start":{"line":2,"column":23},"end":{"line":5,"column":3}},"line":2}},"branchMap":{},"s":{"0":1,"1":1},"f":{"0":1},"b":{},"_coverageSchema":"1a1c01bbd47fc00a2c39e90264f33305004495a9","hash":"c7a6cd97633e176cdec03f586e9b8eec563d4e5e"}
,"/home/moisesbr/api-sing-me-a-song/src/errors/syntaxError.js": {"path":"/home/moisesbr/api-sing-me-a-song/src/errors/syntaxError.js","statementMap":{"0":{"start":{"line":3,"column":4},"end":{"line":3,"column":19}},"1":{"start":{"line":4,"column":4},"end":{"line":4,"column":30}}},"fnMap":{"0":{"name":"(anonymous_0)","decl":{"start":{"line":2,"column":2},"end":{"line":2,"column":3}},"loc":{"start":{"line":2,"column":23},"end":{"line":5,"column":3}},"line":2}},"branchMap":{},"s":{"0":2,"1":2},"f":{"0":2},"b":{},"_coverageSchema":"1a1c01bbd47fc00a2c39e90264f33305004495a9","hash":"8afb9ad2f5d4fefa74ae3087b09cd29626eaee1f"}
,"/home/moisesbr/api-sing-me-a-song/src/repositories/recomendationsRepository.js": {"path":"/home/moisesbr/api-sing-me-a-song/src/repositories/recomendationsRepository.js","statementMap":{"0":{"start":{"line":4,"column":2},"end":{"line":12,"column":4}},"1":{"start":{"line":16,"column":25},"end":{"line":23,"column":3}},"2":{"start":{"line":25,"column":2},"end":{"line":25,"column":29}},"3":{"start":{"line":29,"column":24},"end":{"line":39,"column":3}},"4":{"start":{"line":41,"column":2},"end":{"line":41,"column":31}},"5":{"start":{"line":45,"column":2},"end":{"line":55,"column":4}},"6":{"start":{"line":59,"column":2},"end":{"line":69,"column":4}},"7":{"start":{"line":73,"column":2},"end":{"line":81,"column":4}},"8":{"start":{"line":85,"column":25},"end":{"line":97,"column":3}},"9":{"start":{"line":99,"column":2},"end":{"line":99,"column":29}}},"fnMap":{"0":{"name":"insertRecomendation","decl":{"start":{"line":3,"column":22},"end":{"line":3,"column":41}},"loc":{"start":{"line":3,"column":65},"end":{"line":13,"column":1}},"line":3},"1":{"name":"getAllRecomendations","decl":{"start":{"line":15,"column":22},"end":{"line":15,"column":42}},"loc":{"start":{"line":15,"column":45},"end":{"line":26,"column":1}},"line":15},"2":{"name":"getRecomendationById","decl":{"start":{"line":28,"column":22},"end":{"line":28,"column":42}},"loc":{"start":{"line":28,"column":47},"end":{"line":42,"column":1}},"line":28},"3":{"name":"upvoteRecomendation","decl":{"start":{"line":44,"column":22},"end":{"line":44,"column":41}},"loc":{"start":{"line":44,"column":46},"end":{"line":56,"column":1}},"line":44},"4":{"name":"downvoteRecomendation","decl":{"start":{"line":58,"column":22},"end":{"line":58,"column":43}},"loc":{"start":{"line":58,"column":48},"end":{"line":70,"column":1}},"line":58},"5":{"name":"removeRecomendation","decl":{"start":{"line":72,"column":22},"end":{"line":72,"column":41}},"loc":{"start":{"line":72,"column":46},"end":{"line":82,"column":1}},"line":72},"6":{"name":"getTopRecomendations","decl":{"start":{"line":84,"column":22},"end":{"line":84,"column":42}},"loc":{"start":{"line":84,"column":51},"end":{"line":100,"column":1}},"line":84}},"branchMap":{},"s":{"0":0,"1":0,"2":0,"3":0,"4":0,"5":0,"6":0,"7":0,"8":0,"9":0},"f":{"0":0,"1":0,"2":0,"3":0,"4":0,"5":0,"6":0},"b":{},"_coverageSchema":"1a1c01bbd47fc00a2c39e90264f33305004495a9","hash":"26315f7afe451fd5b913a2e4efcf97ff151c6c9b"}
,"/home/moisesbr/api-sing-me-a-song/src/services/recomendationsService.js": {"path":"/home/moisesbr/api-sing-me-a-song/src/services/recomendationsService.js","statementMap":{"0":{"start":{"line":7,"column":2},"end":{"line":9,"column":3}},"1":{"start":{"line":8,"column":4},"end":{"line":8,"column":46}},"2":{"start":{"line":11,"column":2},"end":{"line":11,"column":76}},"3":{"start":{"line":15,"column":2},"end":{"line":15,"column":57}},"4":{"start":{"line":19,"column":2},"end":{"line":21,"column":3}},"5":{"start":{"line":20,"column":4},"end":{"line":20,"column":52}},"6":{"start":{"line":22,"column":2},"end":{"line":22,"column":14}},"7":{"start":{"line":26,"column":24},"end":{"line":26,"column":79}},"8":{"start":{"line":27,"column":2},"end":{"line":29,"column":3}},"9":{"start":{"line":28,"column":4},"end":{"line":28,"column":60}},"10":{"start":{"line":31,"column":2},"end":{"line":31,"column":23}},"11":{"start":{"line":35,"column":2},"end":{"line":39,"column":3}},"12":{"start":{"line":36,"column":4},"end":{"line":36,"column":59}},"13":{"start":{"line":38,"column":4},"end":{"line":38,"column":61}},"14":{"start":{"line":44,"column":4},"end":{"line":44,"column":41}},"15":{"start":{"line":47,"column":25},"end":{"line":47,"column":78}},"16":{"start":{"line":48,"column":2},"end":{"line":50,"column":3}},"17":{"start":{"line":49,"column":4},"end":{"line":49,"column":56}},"18":{"start":{"line":52,"column":18},"end":{"line":52,"column":31}},"19":{"start":{"line":53,"column":24},"end":{"line":53,"column":72}},"20":{"start":{"line":53,"column":56},"end":{"line":53,"column":71}},"21":{"start":{"line":54,"column":24},"end":{"line":54,"column":73}},"22":{"start":{"line":54,"column":56},"end":{"line":54,"column":72}},"23":{"start":{"line":56,"column":2},"end":{"line":58,"column":3}},"24":{"start":{"line":57,"column":4},"end":{"line":57,"column":61}},"25":{"start":{"line":59,"column":2},"end":{"line":61,"column":3}},"26":{"start":{"line":60,"column":4},"end":{"line":60,"column":61}},"27":{"start":{"line":63,"column":2},"end":{"line":63,"column":61}},"28":{"start":{"line":67,"column":25},"end":{"line":69,"column":3}},"29":{"start":{"line":70,"column":2},"end":{"line":72,"column":3}},"30":{"start":{"line":71,"column":4},"end":{"line":71,"column":57}},"31":{"start":{"line":74,"column":2},"end":{"line":74,"column":24}}},"fnMap":{"0":{"name":"insertRecomendation","decl":{"start":{"line":6,"column":22},"end":{"line":6,"column":41}},"loc":{"start":{"line":6,"column":65},"end":{"line":12,"column":1}},"line":6},"1":{"name":"upvoteRecomendation","decl":{"start":{"line":14,"column":22},"end":{"line":14,"column":41}},"loc":{"start":{"line":14,"column":46},"end":{"line":16,"column":1}},"line":14},"2":{"name":"idTypeValidation","decl":{"start":{"line":18,"column":16},"end":{"line":18,"column":32}},"loc":{"start":{"line":18,"column":37},"end":{"line":23,"column":1}},"line":18},"3":{"name":"recomendationExists","decl":{"start":{"line":25,"column":22},"end":{"line":25,"column":41}},"loc":{"start":{"line":25,"column":46},"end":{"line":32,"column":1}},"line":25},"4":{"name":"downvoteRecomendation","decl":{"start":{"line":34,"column":22},"end":{"line":34,"column":43}},"loc":{"start":{"line":34,"column":59},"end":{"line":40,"column":1}},"line":34},"5":{"name":"getRandomRecomendation","decl":{"start":{"line":42,"column":22},"end":{"line":42,"column":44}},"loc":{"start":{"line":42,"column":47},"end":{"line":64,"column":1}},"line":42},"6":{"name":"getRandomInt","decl":{"start":{"line":43,"column":11},"end":{"line":43,"column":23}},"loc":{"start":{"line":43,"column":27},"end":{"line":45,"column":3}},"line":43},"7":{"name":"(anonymous_7)","decl":{"start":{"line":53,"column":46},"end":{"line":53,"column":47}},"loc":{"start":{"line":53,"column":56},"end":{"line":53,"column":71}},"line":53},"8":{"name":"(anonymous_8)","decl":{"start":{"line":54,"column":46},"end":{"line":54,"column":47}},"loc":{"start":{"line":54,"column":56},"end":{"line":54,"column":72}},"line":54},"9":{"name":"getTopRecomendations","decl":{"start":{"line":66,"column":22},"end":{"line":66,"column":42}},"loc":{"start":{"line":66,"column":51},"end":{"line":75,"column":1}},"line":66}},"branchMap":{"0":{"loc":{"start":{"line":7,"column":2},"end":{"line":9,"column":3}},"type":"if","locations":[{"start":{"line":7,"column":2},"end":{"line":9,"column":3}},{"start":{},"end":{}}],"line":7},"1":{"loc":{"start":{"line":19,"column":2},"end":{"line":21,"column":3}},"type":"if","locations":[{"start":{"line":19,"column":2},"end":{"line":21,"column":3}},{"start":{},"end":{}}],"line":19},"2":{"loc":{"start":{"line":27,"column":2},"end":{"line":29,"column":3}},"type":"if","locations":[{"start":{"line":27,"column":2},"end":{"line":29,"column":3}},{"start":{},"end":{}}],"line":27},"3":{"loc":{"start":{"line":35,"column":2},"end":{"line":39,"column":3}},"type":"if","locations":[{"start":{"line":35,"column":2},"end":{"line":39,"column":3}},{"start":{"line":37,"column":9},"end":{"line":39,"column":3}}],"line":35},"4":{"loc":{"start":{"line":48,"column":2},"end":{"line":50,"column":3}},"type":"if","locations":[{"start":{"line":48,"column":2},"end":{"line":50,"column":3}},{"start":{},"end":{}}],"line":48},"5":{"loc":{"start":{"line":56,"column":2},"end":{"line":58,"column":3}},"type":"if","locations":[{"start":{"line":56,"column":2},"end":{"line":58,"column":3}},{"start":{},"end":{}}],"line":56},"6":{"loc":{"start":{"line":56,"column":6},"end":{"line":56,"column":47}},"type":"binary-expr","locations":[{"start":{"line":56,"column":6},"end":{"line":56,"column":19}},{"start":{"line":56,"column":23},"end":{"line":56,"column":47}}],"line":56},"7":{"loc":{"start":{"line":59,"column":2},"end":{"line":61,"column":3}},"type":"if","locations":[{"start":{"line":59,"column":2},"end":{"line":61,"column":3}},{"start":{},"end":{}}],"line":59},"8":{"loc":{"start":{"line":59,"column":6},"end":{"line":59,"column":48}},"type":"binary-expr","locations":[{"start":{"line":59,"column":6},"end":{"line":59,"column":20}},{"start":{"line":59,"column":24},"end":{"line":59,"column":48}}],"line":59},"9":{"loc":{"start":{"line":70,"column":2},"end":{"line":72,"column":3}},"type":"if","locations":[{"start":{"line":70,"column":2},"end":{"line":72,"column":3}},{"start":{},"end":{}}],"line":70}},"s":{"0":2,"1":1,"2":1,"3":1,"4":2,"5":1,"6":1,"7":2,"8":2,"9":1,"10":1,"11":2,"12":1,"13":1,"14":0,"15":0,"16":0,"17":0,"18":0,"19":0,"20":0,"21":0,"22":0,"23":0,"24":0,"25":0,"26":0,"27":0,"28":0,"29":0,"30":0,"31":0},"f":{"0":2,"1":1,"2":2,"3":2,"4":2,"5":0,"6":0,"7":0,"8":0,"9":0},"b":{"0":[1,1],"1":[1,1],"2":[1,1],"3":[1,1],"4":[0,0],"5":[0,0],"6":[0,0],"7":[0,0],"8":[0,0],"9":[0,0]},"_coverageSchema":"1a1c01bbd47fc00a2c39e90264f33305004495a9","hash":"25379501d64f39a569725a055853376ee69aed5a"}
,"/home/moisesbr/api-sing-me-a-song/src/validations/recomendationValidation.js": {"path":"/home/moisesbr/api-sing-me-a-song/src/validations/recomendationValidation.js","statementMap":{"0":{"start":{"line":5,"column":4},"end":{"line":5,"column":115}},"1":{"start":{"line":7,"column":17},"end":{"line":10,"column":4}},"2":{"start":{"line":12,"column":21},"end":{"line":12,"column":41}},"3":{"start":{"line":13,"column":2},"end":{"line":13,"column":27}}},"fnMap":{"0":{"name":"validateRecomendationSyntax","decl":{"start":{"line":3,"column":24},"end":{"line":3,"column":51}},"loc":{"start":{"line":3,"column":57},"end":{"line":14,"column":1}},"line":3}},"branchMap":{},"s":{"0":0,"1":0,"2":0,"3":0},"f":{"0":0},"b":{},"_coverageSchema":"1a1c01bbd47fc00a2c39e90264f33305004495a9","hash":"f5dd87cab88c3cd86fe6168cf7a74e6a2a4e89f4"}
}
