TN:
SF:src/database/database.js
FNF:0
FNH:0
DA:3,1
DA:5,1
DA:13,1
DA:14,0
DA:22,1
LF:5
LH:4
BRDA:13,0,0,0
BRDA:13,0,1,1
BRF:2
BRH:1
end_of_record
TN:
SF:src/errors/notFoundError.js
FN:2,(anonymous_0)
FNF:1
FNH:1
FNDA:1,(anonymous_0)
DA:3,1
DA:4,1
LF:2
LH:2
BRF:0
BRH:0
end_of_record
TN:
SF:src/errors/syntaxError.js
FN:2,(anonymous_0)
FNF:1
FNH:1
FNDA:2,(anonymous_0)
DA:3,2
DA:4,2
LF:2
LH:2
BRF:0
BRH:0
end_of_record
TN:
SF:src/repositories/recomendationsRepository.js
FN:3,insertRecomendation
FN:15,getAllRecomendations
FN:28,getRecomendationById
FN:44,upvoteRecomendation
FN:58,downvoteRecomendation
FN:72,removeRecomendation
FN:84,getTopRecomendations
FNF:7
FNH:0
FNDA:0,insertRecomendation
FNDA:0,getAllRecomendations
FNDA:0,getRecomendationById
FNDA:0,upvoteRecomendation
FNDA:0,downvoteRecomendation
FNDA:0,removeRecomendation
FNDA:0,getTopRecomendations
DA:4,0
DA:16,0
DA:25,0
DA:29,0
DA:41,0
DA:45,0
DA:59,0
DA:73,0
DA:85,0
DA:99,0
LF:10
LH:0
BRF:0
BRH:0
end_of_record
TN:
SF:src/services/recomendationsService.js
FN:6,insertRecomendation
FN:14,upvoteRecomendation
FN:18,idTypeValidation
FN:25,recomendationExists
FN:34,downvoteRecomendation
FN:42,getRandomRecomendation
FN:43,getRandomInt
FN:53,(anonymous_7)
FN:54,(anonymous_8)
FN:66,getTopRecomendations
FNF:10
FNH:5
FNDA:2,insertRecomendation
FNDA:1,upvoteRecomendation
FNDA:2,idTypeValidation
FNDA:2,recomendationExists
FNDA:2,downvoteRecomendation
FNDA:0,getRandomRecomendation
FNDA:0,getRandomInt
FNDA:0,(anonymous_7)
FNDA:0,(anonymous_8)
FNDA:0,getTopRecomendations
DA:7,2
DA:8,1
DA:11,1
DA:15,1
DA:19,2
DA:20,1
DA:22,1
DA:26,2
DA:27,2
DA:28,1
DA:31,1
DA:35,2
DA:36,1
DA:38,1
DA:44,0
DA:47,0
DA:48,0
DA:49,0
DA:52,0
DA:53,0
DA:54,0
DA:56,0
DA:57,0
DA:59,0
DA:60,0
DA:63,0
DA:67,0
DA:70,0
DA:71,0
DA:74,0
LF:30
LH:14
BRDA:7,0,0,1
BRDA:7,0,1,1
BRDA:19,1,0,1
BRDA:19,1,1,1
BRDA:27,2,0,1
BRDA:27,2,1,1
BRDA:35,3,0,1
BRDA:35,3,1,1
BRDA:48,4,0,0
BRDA:48,4,1,0
BRDA:56,5,0,0
BRDA:56,5,1,0
BRDA:56,6,0,0
BRDA:56,6,1,0
BRDA:59,7,0,0
BRDA:59,7,1,0
BRDA:59,8,0,0
BRDA:59,8,1,0
BRDA:70,9,0,0
BRDA:70,9,1,0
BRF:20
BRH:8
end_of_record
TN:
SF:src/validations/recomendationValidation.js
FN:3,validateRecomendationSyntax
FNF:1
FNH:0
FNDA:0,validateRecomendationSyntax
DA:5,0
DA:7,0
DA:12,0
DA:13,0
LF:4
LH:0
BRF:0
BRH:0
end_of_record
