TN:
SF:src/database/database.js
FNF:0
FNH:0
DA:3,1
DA:5,1
DA:13,1
DA:14,0
DA:22,1
LF:5
LH:4
BRDA:13,0,0,0
BRDA:13,0,1,1
BRF:2
BRH:1
end_of_record
TN:
SF:src/errors/notFoundError.js
FN:2,(anonymous_0)
FNF:1
FNH:1
FNDA:3,(anonymous_0)
DA:3,3
DA:4,3
LF:2
LH:2
BRF:0
BRH:0
end_of_record
TN:
SF:src/errors/syntaxError.js
FN:2,(anonymous_0)
FNF:1
FNH:1
FNDA:2,(anonymous_0)
DA:3,2
DA:4,2
LF:2
LH:2
BRF:0
BRH:0
end_of_record
TN:
SF:src/repositories/recommendationsRepository.js
FN:3,insertRecommendation
FN:15,getAllRecommendations
FN:28,getRecommendationById
FN:44,upvoteRecommendation
FN:58,downvoteRecommendation
FN:72,removeRecommendation
FN:84,getTopRecommendations
FNF:7
FNH:0
FNDA:0,insertRecommendation
FNDA:0,getAllRecommendations
FNDA:0,getRecommendationById
FNDA:0,upvoteRecommendation
FNDA:0,downvoteRecommendation
FNDA:0,removeRecommendation
FNDA:0,getTopRecommendations
DA:4,0
DA:16,0
DA:25,0
DA:29,0
DA:41,0
DA:45,0
DA:59,0
DA:73,0
DA:85,0
DA:99,0
LF:10
LH:0
BRF:0
BRH:0
end_of_record
TN:
SF:src/services/recommendationsService.js
FN:6,insertRecommendation
FN:14,upvoteRecommendation
FN:18,idTypeValidation
FN:25,recommendationExists
FN:36,downvoteRecommendation
FN:44,getRandomRecommendation
FN:45,getRandomInt
FN:56,(anonymous_7)
FN:57,(anonymous_8)
FN:69,getTopRecommendations
FNF:10
FNH:10
FNDA:2,insertRecommendation
FNDA:1,upvoteRecommendation
FNDA:2,idTypeValidation
FNDA:2,recommendationExists
FNDA:2,downvoteRecommendation
FNDA:5,getRandomRecommendation
FNDA:4,getRandomInt
FNDA:8,(anonymous_7)
FNDA:8,(anonymous_8)
FNDA:2,getTopRecommendations
DA:7,2
DA:8,1
DA:11,1
DA:15,1
DA:19,2
DA:20,1
DA:22,1
DA:26,2
DA:29,2
DA:30,1
DA:33,1
DA:37,2
DA:38,1
DA:40,1
DA:46,4
DA:50,5
DA:51,5
DA:52,1
DA:55,4
DA:56,8
DA:57,8
DA:59,4
DA:60,2
DA:62,2
DA:63,1
DA:66,1
DA:70,2
DA:73,2
DA:74,1
DA:77,1
LF:30
LH:30
BRDA:7,0,0,1
BRDA:7,0,1,1
BRDA:19,1,0,1
BRDA:19,1,1,1
BRDA:29,2,0,1
BRDA:29,2,1,1
BRDA:37,3,0,1
BRDA:37,3,1,1
BRDA:51,4,0,1
BRDA:51,4,1,4
BRDA:59,5,0,2
BRDA:59,5,1,2
BRDA:59,6,0,4
BRDA:59,6,1,3
BRDA:62,7,0,1
BRDA:62,7,1,1
BRDA:62,8,0,2
BRDA:62,8,1,1
BRDA:73,9,0,1
BRDA:73,9,1,1
BRF:20
BRH:20
end_of_record
TN:
SF:src/validations/recommendationValidation.js
FN:3,validateRecommendationSyntax
FNF:1
FNH:0
FNDA:0,validateRecommendationSyntax
DA:5,0
DA:7,0
DA:12,0
DA:13,0
LF:4
LH:0
BRF:0
BRH:0
end_of_record
